Loading files : ../../benchmark/testcase_new/sy5r.csv
Loading files : ../../benchmark/testcase_new/syn5.csv
construct path table...OK
initial routing...OK
initial cost = 72557572084, avg TDM = 0, , time = 761.88 seconds
iter 1 : 
	#ripped signals = 83867
	reroute cost = 71306986772
	time = 1920.26 seconds
	avg TDM = 0.00
	improve = 1.72%
iter 2 : 
	#ripped signals = 126792
	reroute cost = 71295400391
	time = 2500.41 seconds
	avg TDM = 0.00
	improve = 0.02%
iter 3 : 
	#ripped signals = 120412
	reroute cost = 71300565250
	time = 3454.36 seconds
	avg TDM = 0.00
	improve = -0.01%
iter 4 : 
	#ripped signals = 113020
	reroute cost = 71310127346
	time = 4199.59 seconds
	avg TDM = 0.00
	improve = -0.01%
iter 5 : 
	#ripped signals = 106242
	reroute cost = 71301552683
	time = 4809.48 seconds
	avg TDM = 0.00
	improve = 0.01%
check all signals have been routed correctly...OK
runtime = 5571.37 seconds
